<?xml version="1.0" encoding="UTF-8"?>
<!-- Generated by org.testng.reporters.JUnitReportReporter -->
<testsuite hostname="DESKTOP-JCSH58D" failures="0" tests="2" name="test.TC_003_InvalidLoginTest" time="19.451" errors="0" timestamp="14 Nov 2024 07:39:37 GMT" skipped="0">
  <testcase classname="test.TC_003_InvalidLoginTest" name="invalidLogin" time="8.656"/>
  <testcase classname="test.TC_003_InvalidLoginTest" name="invalidLogin" time="10.795"/>
</testsuite> <!-- test.TC_003_InvalidLoginTest -->
