<?xml version="1.0" encoding="UTF-8"?>
<!-- Generated by org.testng.reporters.JUnitReportReporter -->
<testsuite hostname="DESKTOP-RFGG51U" failures="0" tests="1" name="test.AnnotationSample" time="0.115" errors="0" timestamp="2024-11-12T12:57:07 IST" skipped="0">
  <testcase classname="test.AnnotationSample" name="test" time="0.115"/>
  <system-out/>
</testsuite> <!-- test.AnnotationSample -->
