<?xml version="1.0" encoding="UTF-8"?>
<!-- Generated by org.testng.reporters.JUnitReportReporter -->
<testsuite hostname="DESKTOP-RFGG51U" failures="0" tests="5" name="test.AttributesSample" time="0.085" errors="0" timestamp="2024-11-12T13:39:01 IST" skipped="1">
  <testcase classname="test.AttributesSample" name="signinTest" time="0.027"/>
  <system-out/>
  <testcase classname="test.AttributesSample" name="signinTest" time="0.028"/>
  <system-out/>
  <testcase classname="test.AttributesSample" name="signinTest" time="0.026"/>
  <system-out/>
  <testcase classname="test.AttributesSample" name="loginTest" time="0.004"/>
  <system-out/>
  <testcase classname="test.AttributesSample" name="searchTest">
    <skipped/>
  </testcase> <!-- searchTest -->
  <system-out/>
</testsuite> <!-- test.AttributesSample -->
