<?xml version="1.0" encoding="UTF-8"?>
<!-- Generated by org.testng.reporters.JUnitReportReporter -->
<testsuite hostname="DESKTOP-JCSH58D" failures="0" tests="2" name="test.TC_001_RegisterTest" time="27.263" errors="0" timestamp="14 Nov 2024 07:39:37 GMT" skipped="0">
  <testcase classname="test.TC_001_RegisterTest" name="registerTest" time="11.298"/>
  <testcase classname="test.TC_001_RegisterTest" name="registerTest" time="15.965"/>
</testsuite> <!-- test.TC_001_RegisterTest -->
