<?xml version="1.0" encoding="UTF-8"?>
<!-- Generated by org.testng.reporters.JUnitReportReporter -->
<testsuite hostname="DESKTOP-JCSH58D" failures="0" tests="2" name="test.TC_001_RegisterTest" time="21.586" errors="0" timestamp="2024-11-15T11:29:17 IST" skipped="0">
  <testcase classname="test.TC_001_RegisterTest" name="registerTest" time="12.255"/>
  <testcase classname="test.TC_001_RegisterTest" name="registerTest" time="9.331"/>
</testsuite> <!-- test.TC_001_RegisterTest -->
