<?xml version="1.0" encoding="UTF-8"?>
<!-- Generated by org.testng.reporters.JUnitReportReporter -->
<testsuite hostname="DESKTOP-JCSH58D" failures="0" tests="2" name="test.TC_003_InvalidLoginTest" time="18.491" errors="0" timestamp="2024-11-15T11:29:17 IST" skipped="0">
  <testcase classname="test.TC_003_InvalidLoginTest" name="invalidLogin" time="7.798"/>
  <testcase classname="test.TC_003_InvalidLoginTest" name="invalidLogin" time="10.693"/>
</testsuite> <!-- test.TC_003_InvalidLoginTest -->
